Determining if the pthread_create exist failed with the following output:
Change Dir: /home/dwendt/proj/cudf_strings/cpp/build/CMakeFiles/CMakeTmp

Run Build Command:"/usr/bin/make" "cmTC_e01a1/fast"
/usr/bin/make -f CMakeFiles/cmTC_e01a1.dir/build.make CMakeFiles/cmTC_e01a1.dir/build
make[1]: Entering directory '/home/dwendt/proj/cudf_strings/cpp/build/CMakeFiles/CMakeTmp'
Building C object CMakeFiles/cmTC_e01a1.dir/CheckSymbolExists.c.o
/usr/bin/cc   -fPIC    -o CMakeFiles/cmTC_e01a1.dir/CheckSymbolExists.c.o   -c /home/dwendt/proj/cudf_strings/cpp/build/CMakeFiles/CMakeTmp/CheckSymbolExists.c
Linking C executable cmTC_e01a1
/home/dwendt/anaconda3/envs/dev37/bin/cmake -E cmake_link_script CMakeFiles/cmTC_e01a1.dir/link.txt --verbose=1
/usr/bin/cc -fPIC     -rdynamic CMakeFiles/cmTC_e01a1.dir/CheckSymbolExists.c.o  -o cmTC_e01a1 
CMakeFiles/cmTC_e01a1.dir/CheckSymbolExists.c.o: In function `main':
CheckSymbolExists.c:(.text+0x1b): undefined reference to `pthread_create'
collect2: error: ld returned 1 exit status
CMakeFiles/cmTC_e01a1.dir/build.make:86: recipe for target 'cmTC_e01a1' failed
make[1]: *** [cmTC_e01a1] Error 1
make[1]: Leaving directory '/home/dwendt/proj/cudf_strings/cpp/build/CMakeFiles/CMakeTmp'
Makefile:121: recipe for target 'cmTC_e01a1/fast' failed
make: *** [cmTC_e01a1/fast] Error 2

File /home/dwendt/proj/cudf_strings/cpp/build/CMakeFiles/CMakeTmp/CheckSymbolExists.c:
/* */
#include <pthread.h>

int main(int argc, char** argv)
{
  (void)argv;
#ifndef pthread_create
  return ((int*)(&pthread_create))[argc];
#else
  (void)argc;
  return 0;
#endif
}

Determining if the function pthread_create exists in the pthreads failed with the following output:
Change Dir: /home/dwendt/proj/cudf_strings/cpp/build/CMakeFiles/CMakeTmp

Run Build Command:"/usr/bin/make" "cmTC_a9330/fast"
/usr/bin/make -f CMakeFiles/cmTC_a9330.dir/build.make CMakeFiles/cmTC_a9330.dir/build
make[1]: Entering directory '/home/dwendt/proj/cudf_strings/cpp/build/CMakeFiles/CMakeTmp'
Building C object CMakeFiles/cmTC_a9330.dir/CheckFunctionExists.c.o
/usr/bin/cc   -fPIC -DCHECK_FUNCTION_EXISTS=pthread_create   -o CMakeFiles/cmTC_a9330.dir/CheckFunctionExists.c.o   -c /home/dwendt/anaconda3/envs/dev37/share/cmake-3.12/Modules/CheckFunctionExists.c
Linking C executable cmTC_a9330
/home/dwendt/anaconda3/envs/dev37/bin/cmake -E cmake_link_script CMakeFiles/cmTC_a9330.dir/link.txt --verbose=1
/usr/bin/cc -fPIC -DCHECK_FUNCTION_EXISTS=pthread_create    -rdynamic CMakeFiles/cmTC_a9330.dir/CheckFunctionExists.c.o  -o cmTC_a9330 -lpthreads 
/usr/bin/ld: cannot find -lpthreads
collect2: error: ld returned 1 exit status
CMakeFiles/cmTC_a9330.dir/build.make:86: recipe for target 'cmTC_a9330' failed
make[1]: *** [cmTC_a9330] Error 1
make[1]: Leaving directory '/home/dwendt/proj/cudf_strings/cpp/build/CMakeFiles/CMakeTmp'
Makefile:121: recipe for target 'cmTC_a9330/fast' failed
make: *** [cmTC_a9330/fast] Error 2


